
   Module name: proj                       Version: 4.9.2               

       Contact: researchit@iastate.edu
      Homepage: https://trac.osgeo.org/proj/wiki                        
      Download: https://github.com/OSGeo/proj.4.git                     
          Help: man proj                                                
         Notes: Program proj (release 4) is a standard Unix filter function which converts geographic longitude and latitude coordinates into cartesian coordinates


   Module name: hdf5                       Version: 1.8.18              

       Contact: researchit@iastate.edu
      Homepage: https://support.hdfgroup.org/HDF5/whatishdf5.html       
      Download: https://support.hdfgroup.org/downloads/index.html       
          Help: Documentation can be found at https://support.hdfgroup.org/documentation/
         Notes: HDF5 is a unique technology suite that makes possible the management of extremely large and complex data collections.


   Module name: gdal                       Version: 2.1.3               

       Contact: researchit@iastate.edu
      Homepage: http://www.gdal.org/                                    
      Download: https://trac.osgeo.org/gdal/wiki/DownloadSource         
          Help: In gdal/share                                           
         Notes: GDAL is a translator library for raster and vector geospatial data formats that is released under an X/MIT style Open Source license by the Open Source Geospatial Foundation.


   Module name: netcdf                     Version: 4.4.1.1             

       Contact: hpc-help@iastate.edu
      Homepage: http://www.unidata.ucar.edu/downloads/netcdf/index.jsp  
      Download: http://www.unidata.ucar.edu/downloads/netcdf/index.jsp  
          Help: man nccopy / ncdump / ncgen                             
         Notes: NetCDF (network Common Data Form) is a set of software libraries and machine-independent data formats that support the creation, access, and sharing of array-oriented scientific data.


   Module name: geos                       Version: 3.5.0               

       Contact: researchit@iastate.edu
      Homepage: https://trac.osgeo.org/geos/                            
      Download: https://trac.osgeo.org/geos/                            
          Help: Avaliable at http://geos.osgeo.org/doxygen/             
         Notes: GEOS (Geometry Engine - Open Source) is a C++ port of the Java Topology Suite (JTS)


   Module name: tcl                        Version: 8.6.6               

       Contact: researchit@iastate.edu
      Homepage: https://www.tcl.tk/                                     
      Download: https://www.tcl.tk/software/tcltk/download.html         
          Help: man tcl                                                 
         Notes: Tcl (Tool Command Language) is a very powerful but easy to learn dynamic programming language


   Module name: tk                         Version: 8.6.4               

       Contact: researchit@iastate.edu
      Homepage: https://www.tcl.tk/                                     
      Download: https://www.tcl.tk/software/tcltk/download.html         
          Help: man tcl                                                 
         Notes: Tcl (Tool Command Language) is a very powerful but easy to learn dynamic programming language


   Module name: tiff                       Version: 4.0.6               

       Contact: researchit@iastate.edu
      Homepage: http://www.remotesensing.org/libtiff                    
      Download: http://download.osgeo.org/libtiff                       
          Help: Docs in /opt/rit/app/lib/tiff/4.0.6/doc                 
         Notes: This library provides support for the tiff image format 


   Module name: mark                       Version: 20160623            

       Contact: researchit@iastate.edu
      Homepage: http://www.phidot.org/software/mark/index.html          
      Download: http://www.phidot.org/software/mark/rmark/linux/        
          Help: http://www.phidot.org/software/mark/docs/book/          
         Notes: Program MARK, developed and maintained by Gary White (Colorado State University) is the most flexible, widely used application currently available for parameter estimation using data from marked individuals.


   Module name: openmpi                    Version: 2.1.0               

       Contact: researchit@iastate.edu
      Homepage: http://www.open-mpi.org/                                
      Download: http://www.open-mpi.org/software/                       
          Help: Documentation is available online at http://www.open-mpi.org or as a set of UNIX man pages.
         Notes: The Open MPI Project is an open source Message Passing Interface implementation that is developed and maintained by a consortium of academic, research, and industry partners. Open MPI is therefore able to combine the expertise, technologies, and resources from all across the High Performance Computing community in order to build the best MPI library available.


   Module name: v8                         Version: 3.14.5.10           

       Contact: researchit@iastate.edu
      Homepage: https://developers.google.com/v8/                       
      Download: https://developers.google.com/v8/                       
          Help:                                                         
         Notes: V8 is Google's open source high-performance JavaScript engine, written in C++ and used in Chromium, Node.js and multiple other embedding applications.


   Module name: java                       Version: 1.8.0_51            

       Contact: researchit@iastate.edu
      Homepage: http://java.org/                                        
      Download: http://www.oracle.com/technetwork/java/javase/downloads/server-jre8-downloads-2133154.html
          Help: 'man java'                                              
         Notes: Java is a programming language and computing platform first released by Sun Microsystems in 1995. It is a general-purpose computer programming language that is concurrent, class-based, and object-oriented. Java is fast, secure, and reliable


   Module name: R                          Version: 3.3.1               

       Contact: researchit@iastate.edu
      Homepage: https://cran.r-project.org/                             
      Download: https://cran.r-project.org/                             
          Help: All documentation is online, available at https://cran.r-project.org/doc/manuals/. Info about the R and Rscript executables can be found by using the 'man' utility.
         Notes: R is an integrated suite of software facilities for data manipulation, calculation and graphical display. Among other things it has an effective data handling and storage facility, a suite of operators for calculations on arrays, in particular matrices, a large, coherent, integrated collection of intermediate tools for data analysis, graphical facilities for data analysis and display either directly at the computer or on hardcopy, and a well developed, simple and effective programming language (called ‘S’) which includes conditionals, loops, user defined recursive functions and input and output facilities.

